2017-12-28 22:14:10 INFO  JavaRushTasksProjectComponent.projectOpened(68) - ---------- Project JavaRushTasks opened ----------

2017-12-28 22:14:10 INFO  ApacheHttpClient.createAsyncHttpClient(125) - Выбрано 1 прокси.
2017-12-28 22:14:10 INFO  ApacheHttpClient.<init>(85) - ApacheHttpClient проинстанциирован успешно.
2017-12-28 22:14:11 INFO  ApacheHttpClient.testConnection(178) - responseCode = 200
2017-12-28 22:14:11 INFO  ApacheHttpClient.testConnection(185) - result = true
2017-12-28 22:14:11 INFO  ApacheHttpClient.login(209) - Ожидание ответа сервера.
2017-12-28 22:14:11 INFO  ApacheHttpClient.login(213) - responseCode200
2017-12-28 22:14:11 INFO  ApacheHttpClient.login(244) - JSESSIONID=1AB51B80AEB79A139645EFF2290E1196
2017-12-28 22:14:11 INFO  ApacheHttpClient.refreshUserInfo(272) - responseCode = 200
2017-12-28 22:14:11 INFO  ApacheHttpClient.refreshUserInfo(278) - Информация о пользователе получена.
2017-12-28 22:14:11 INFO  ApacheHttpClient.startGA(32) - GAService запущен.
2017-12-28 22:14:11 INFO  AbstractRestApiClient.startService(70) - EventsService запущен.
2017-12-28 22:14:15 INFO  ApacheHttpClient.testConnection(178) - responseCode = 200
2017-12-28 22:14:15 INFO  ApacheHttpClient.testConnection(185) - result = true
2017-12-28 22:14:15 INFO  ApacheHttpClient.testConnection(178) - responseCode = 200
2017-12-28 22:14:15 INFO  ApacheHttpClient.testConnection(185) - result = true
2017-12-28 22:14:16 INFO  ApacheHttpClient.getWebResourceAsStream(420) - responseCode = 200
2017-12-28 22:14:21 INFO  ApacheHttpClient.testConnection(178) - responseCode = 200
2017-12-28 22:14:21 INFO  ApacheHttpClient.testConnection(185) - result = true
2017-12-28 22:14:23 INFO  ApacheHttpClient.testConnection(178) - responseCode = 200
2017-12-28 22:14:23 INFO  ApacheHttpClient.testConnection(185) - result = true
2017-12-28 22:14:23 INFO  ApacheHttpClient.testConnection(178) - responseCode = 200
2017-12-28 22:14:23 INFO  ApacheHttpClient.testConnection(185) - result = true
2017-12-28 22:15:11 INFO  ApacheHttpClient.sendEvent(450) - responseCode = 200
2017-12-28 22:15:49 INFO  ApacheHttpClient.getWebResourceAsStream(420) - responseCode = 200
2017-12-28 22:15:50 INFO  ApacheHttpClient.getFilteredTasks(307) - responseCode = 200
2017-12-28 22:16:00 INFO  ApacheHttpClient.getTaskTemplateInfo(324) - responseCode = 200
2017-12-28 22:16:00 INFO  ApacheHttpClient.testConnection(178) - responseCode = 200
2017-12-28 22:16:00 INFO  ApacheHttpClient.testConnection(185) - result = true
2017-12-28 22:16:00 INFO  ApacheHttpClient.testConnection(178) - responseCode = 200
2017-12-28 22:16:00 INFO  ApacheHttpClient.testConnection(185) - result = true
2017-12-28 22:16:01 INFO  ApacheHttpClient.getWebResourceAsStream(420) - responseCode = 200
2017-12-28 22:16:11 INFO  ApacheHttpClient.sendEvent(450) - responseCode = 200
2017-12-28 22:17:11 INFO  ApacheHttpClient.sendEvent(450) - responseCode = 200
2017-12-28 22:18:11 INFO  ApacheHttpClient.sendEvent(450) - responseCode = 200
2017-12-28 22:19:11 INFO  ApacheHttpClient.sendEvent(450) - responseCode = 200
2017-12-28 22:20:11 INFO  ApacheHttpClient.sendEvent(450) - responseCode = 200
2017-12-28 22:21:11 INFO  ApacheHttpClient.sendEvent(450) - responseCode = 200
2017-12-28 22:22:11 INFO  ApacheHttpClient.sendEvent(450) - responseCode = 200
2017-12-28 22:23:11 INFO  ApacheHttpClient.sendEvent(450) - responseCode = 200
2017-12-28 22:24:11 INFO  ApacheHttpClient.sendEvent(450) - responseCode = 200
2017-12-28 22:25:11 INFO  ApacheHttpClient.sendEvent(450) - responseCode = 200
2017-12-28 22:26:11 INFO  ApacheHttpClient.sendEvent(450) - responseCode = 200
2017-12-28 22:27:11 INFO  ApacheHttpClient.sendEvent(450) - responseCode = 200
2017-12-28 22:28:11 INFO  ApacheHttpClient.sendEvent(450) - responseCode = 200
2017-12-28 22:29:11 INFO  ApacheHttpClient.sendEvent(450) - responseCode = 200
2017-12-28 22:30:11 INFO  ApacheHttpClient.sendEvent(450) - responseCode = 200
2017-12-28 22:31:11 INFO  ApacheHttpClient.sendEvent(450) - responseCode = 200
2017-12-28 22:32:11 INFO  ApacheHttpClient.sendEvent(450) - responseCode = 200
2017-12-28 22:33:11 INFO  ApacheHttpClient.sendEvent(450) - responseCode = 200
2017-12-28 22:34:11 INFO  ApacheHttpClient.sendEvent(450) - responseCode = 200
2017-12-28 22:34:37 INFO  ApacheHttpClient.getWebResourceAsStream(420) - responseCode = 200
2017-12-28 22:34:37 INFO  ApacheHttpClient.getTask(405) - responseCode = 200
2017-12-28 22:34:37 INFO  ApacheHttpClient.getWebResourceAsStream(420) - responseCode = 200
2017-12-28 22:34:38 INFO  ApacheHttpClient.completed(27) - responseCode = 200
2017-12-28 22:35:03 INFO  ApacheHttpClient.getWebResourceAsStream(420) - responseCode = 200
2017-12-28 22:35:03 INFO  ApacheHttpClient.getTask(405) - responseCode = 200
2017-12-28 22:35:03 INFO  ApacheHttpClient.getWebResourceAsStream(420) - responseCode = 200
2017-12-28 22:35:04 INFO  ApacheHttpClient.completed(27) - responseCode = 200
2017-12-28 22:35:04 INFO  ApacheHttpClient.getTask(405) - responseCode = 200
2017-12-28 22:35:11 INFO  ApacheHttpClient.sendEvent(450) - responseCode = 200
2017-12-28 22:35:19 INFO  ApacheHttpClient.getWebResourceAsStream(420) - responseCode = 200
2017-12-28 22:35:19 INFO  ApacheHttpClient.getFilteredTasks(307) - responseCode = 200
2017-12-28 22:35:22 INFO  ApacheHttpClient.getTaskTemplateInfo(324) - responseCode = 200
2017-12-28 22:35:22 INFO  ApacheHttpClient.testConnection(178) - responseCode = 200
2017-12-28 22:35:22 INFO  ApacheHttpClient.testConnection(185) - result = true
2017-12-28 22:35:22 INFO  ApacheHttpClient.testConnection(178) - responseCode = 200
2017-12-28 22:35:22 INFO  ApacheHttpClient.testConnection(185) - result = true
2017-12-28 22:35:22 INFO  ApacheHttpClient.getWebResourceAsStream(420) - responseCode = 200
2017-12-28 22:35:22 INFO  ApacheHttpClient.getTaskTemplateInfo(324) - responseCode = 200
2017-12-28 22:36:11 INFO  ApacheHttpClient.sendEvent(450) - responseCode = 200
2017-12-28 22:36:58 INFO  ApacheHttpClient.getWebResourceAsStream(420) - responseCode = 200
2017-12-28 22:36:59 INFO  ApacheHttpClient.getTask(405) - responseCode = 200
2017-12-28 22:36:59 INFO  ApacheHttpClient.getWebResourceAsStream(420) - responseCode = 200
2017-12-28 22:37:01 INFO  ApacheHttpClient.completed(27) - responseCode = 200
2017-12-28 22:37:01 INFO  ApacheHttpClient.getTask(405) - responseCode = 200
2017-12-28 22:37:11 INFO  ApacheHttpClient.sendEvent(450) - responseCode = 200
2017-12-28 22:37:25 INFO  ApacheHttpClient.testConnection(178) - responseCode = 200
2017-12-28 22:37:25 INFO  ApacheHttpClient.testConnection(185) - result = true
2017-12-28 22:38:05 INFO  ApacheHttpClient.getWebResourceAsStream(420) - responseCode = 200
2017-12-28 22:38:05 INFO  ApacheHttpClient.getFilteredTasks(307) - responseCode = 200
2017-12-28 22:38:11 INFO  ApacheHttpClient.getTaskTemplateInfo(324) - responseCode = 200
2017-12-28 22:38:11 INFO  ApacheHttpClient.testConnection(178) - responseCode = 200
2017-12-28 22:38:11 INFO  ApacheHttpClient.testConnection(185) - result = true
2017-12-28 22:38:11 INFO  ApacheHttpClient.testConnection(178) - responseCode = 200
2017-12-28 22:38:11 INFO  ApacheHttpClient.testConnection(185) - result = true
2017-12-28 22:38:11 INFO  ApacheHttpClient.getWebResourceAsStream(420) - responseCode = 200
2017-12-28 22:38:11 INFO  ApacheHttpClient.sendEvent(450) - responseCode = 200
2017-12-28 22:39:11 INFO  ApacheHttpClient.sendEvent(450) - responseCode = 200
2017-12-28 22:40:11 INFO  ApacheHttpClient.sendEvent(450) - responseCode = 200
2017-12-28 22:41:11 INFO  ApacheHttpClient.sendEvent(450) - responseCode = 200
2017-12-28 22:42:11 INFO  ApacheHttpClient.sendEvent(450) - responseCode = 200
2017-12-28 22:42:27 INFO  ApacheHttpClient.getWebResourceAsStream(420) - responseCode = 200
2017-12-28 22:42:27 INFO  ApacheHttpClient.getTask(405) - responseCode = 200
2017-12-28 22:42:27 INFO  ApacheHttpClient.getWebResourceAsStream(420) - responseCode = 200
2017-12-28 22:42:28 INFO  ApacheHttpClient.completed(27) - responseCode = 200
2017-12-28 22:43:11 INFO  ApacheHttpClient.sendEvent(450) - responseCode = 200
2017-12-28 22:44:11 INFO  ApacheHttpClient.sendEvent(450) - responseCode = 200
2017-12-28 22:45:11 INFO  ApacheHttpClient.sendEvent(450) - responseCode = 200
2017-12-28 22:46:11 INFO  ApacheHttpClient.sendEvent(450) - responseCode = 200
2017-12-28 22:47:11 INFO  ApacheHttpClient.sendEvent(450) - responseCode = 200
2017-12-28 22:48:11 INFO  ApacheHttpClient.sendEvent(450) - responseCode = 200
2017-12-28 22:49:11 INFO  ApacheHttpClient.sendEvent(450) - responseCode = 200
2017-12-28 22:50:11 INFO  ApacheHttpClient.sendEvent(450) - responseCode = 200
2017-12-28 22:51:11 INFO  ApacheHttpClient.sendEvent(450) - responseCode = 200
2017-12-28 22:52:11 INFO  ApacheHttpClient.sendEvent(450) - responseCode = 200
2017-12-28 22:53:11 INFO  ApacheHttpClient.sendEvent(450) - responseCode = 200
2017-12-28 22:54:11 INFO  ApacheHttpClient.sendEvent(450) - responseCode = 200
2017-12-28 22:55:11 INFO  ApacheHttpClient.sendEvent(450) - responseCode = 200
2017-12-28 22:56:11 INFO  ApacheHttpClient.sendEvent(450) - responseCode = 200
2017-12-28 22:57:11 INFO  ApacheHttpClient.sendEvent(450) - responseCode = 200
2017-12-28 22:58:11 INFO  ApacheHttpClient.sendEvent(450) - responseCode = 200
2017-12-28 22:59:11 INFO  ApacheHttpClient.sendEvent(450) - responseCode = 200
2018-01-04 20:34:49 INFO  JavaRushTasksProjectComponent.projectOpened(68) - ---------- Project JavaRushTasks opened ----------

2018-01-04 20:34:49 INFO  ApacheHttpClient.createAsyncHttpClient(125) - Выбрано 1 прокси.
2018-01-04 20:34:49 INFO  ApacheHttpClient.<init>(85) - ApacheHttpClient проинстанциирован успешно.
2018-01-04 20:34:50 INFO  ApacheHttpClient.testConnection(178) - responseCode = 200
2018-01-04 20:34:50 INFO  ApacheHttpClient.testConnection(185) - result = true
2018-01-04 20:34:51 INFO  ApacheHttpClient.login(209) - Ожидание ответа сервера.
2018-01-04 20:34:51 INFO  ApacheHttpClient.login(209) - Ожидание ответа сервера.
2018-01-04 20:34:51 INFO  ApacheHttpClient.login(213) - responseCode200
2018-01-04 20:34:51 INFO  ApacheHttpClient.login(244) - JSESSIONID=D5B7969DB418502E32EF8F79E1CC3AC7
2018-01-04 20:34:51 INFO  ApacheHttpClient.refreshUserInfo(272) - responseCode = 200
2018-01-04 20:34:51 INFO  ApacheHttpClient.refreshUserInfo(278) - Информация о пользователе получена.
2018-01-04 20:34:51 INFO  ApacheHttpClient.startGA(32) - GAService запущен.
2018-01-04 20:34:51 INFO  AbstractRestApiClient.startService(70) - EventsService запущен.
2018-01-04 20:34:59 INFO  ApacheHttpClient.testConnection(178) - responseCode = 200
2018-01-04 20:34:59 INFO  ApacheHttpClient.testConnection(185) - result = true
2018-01-04 20:34:59 INFO  ApacheHttpClient.testConnection(178) - responseCode = 200
2018-01-04 20:34:59 INFO  ApacheHttpClient.testConnection(185) - result = true
2018-01-04 20:35:04 INFO  ApacheHttpClient.getWebResourceAsStream(420) - responseCode = 200
2018-01-04 20:35:13 INFO  ApacheHttpClient.testConnection(178) - responseCode = 200
2018-01-04 20:35:13 INFO  ApacheHttpClient.testConnection(185) - result = true
2018-01-04 20:35:14 INFO  ApacheHttpClient.testConnection(178) - responseCode = 200
2018-01-04 20:35:14 INFO  ApacheHttpClient.testConnection(185) - result = true
2018-01-04 20:35:14 INFO  ApacheHttpClient.testConnection(178) - responseCode = 200
2018-01-04 20:35:14 INFO  ApacheHttpClient.testConnection(185) - result = true
2018-01-04 20:35:52 INFO  ApacheHttpClient.sendEvent(450) - responseCode = 200
2018-01-04 20:36:14 INFO  ApacheHttpClient.getWebResourceAsStream(420) - responseCode = 200
2018-01-04 20:36:14 INFO  ApacheHttpClient.getFilteredTasks(307) - responseCode = 200
2018-01-04 20:36:28 INFO  ApacheHttpClient.getTaskTemplateInfo(324) - responseCode = 200
2018-01-04 20:36:29 INFO  ApacheHttpClient.testConnection(178) - responseCode = 200
2018-01-04 20:36:29 INFO  ApacheHttpClient.testConnection(185) - result = true
2018-01-04 20:36:29 INFO  ApacheHttpClient.testConnection(178) - responseCode = 200
2018-01-04 20:36:29 INFO  ApacheHttpClient.testConnection(185) - result = true
2018-01-04 20:36:29 INFO  ApacheHttpClient.getWebResourceAsStream(420) - responseCode = 200
2018-01-04 20:36:52 INFO  ApacheHttpClient.sendEvent(450) - responseCode = 200
2018-01-04 20:37:51 INFO  ApacheHttpClient.sendEvent(450) - responseCode = 200
2018-01-04 20:38:52 INFO  ApacheHttpClient.sendEvent(450) - responseCode = 200
2018-01-04 20:38:52 INFO  ApacheHttpClient.sendEvent(450) - responseCode = 200
2018-01-04 20:39:51 INFO  ApacheHttpClient.sendEvent(450) - responseCode = 200
2018-01-04 20:39:52 INFO  ApacheHttpClient.sendEvent(450) - responseCode = 200
2018-01-04 20:40:52 INFO  ApacheHttpClient.sendEvent(450) - responseCode = 200
2018-01-04 20:40:52 INFO  ApacheHttpClient.sendEvent(450) - responseCode = 200
2018-01-04 20:41:52 INFO  ApacheHttpClient.sendEvent(450) - responseCode = 200
2018-01-04 20:41:52 INFO  ApacheHttpClient.sendEvent(450) - responseCode = 200
2018-01-04 20:42:52 INFO  ApacheHttpClient.sendEvent(450) - responseCode = 200
2018-01-04 20:42:52 INFO  ApacheHttpClient.sendEvent(450) - responseCode = 200
2018-01-04 20:43:52 INFO  ApacheHttpClient.sendEvent(450) - responseCode = 200
2018-01-04 20:43:52 INFO  ApacheHttpClient.sendEvent(450) - responseCode = 200
2018-01-04 20:44:52 INFO  ApacheHttpClient.sendEvent(450) - responseCode = 200
2018-01-04 20:44:52 INFO  ApacheHttpClient.sendEvent(450) - responseCode = 200
2018-01-04 20:45:52 INFO  ApacheHttpClient.sendEvent(450) - responseCode = 200
2018-01-04 20:45:52 INFO  ApacheHttpClient.sendEvent(450) - responseCode = 200
2018-01-04 20:46:52 INFO  ApacheHttpClient.sendEvent(450) - responseCode = 200
2018-01-04 20:46:52 INFO  ApacheHttpClient.sendEvent(450) - responseCode = 200
2018-01-04 20:47:52 INFO  ApacheHttpClient.sendEvent(450) - responseCode = 200
2018-01-04 20:47:52 INFO  ApacheHttpClient.sendEvent(450) - responseCode = 200
2018-01-04 20:48:52 INFO  ApacheHttpClient.sendEvent(450) - responseCode = 200
2018-01-04 20:48:52 INFO  ApacheHttpClient.sendEvent(450) - responseCode = 200
2018-01-04 20:49:52 INFO  ApacheHttpClient.sendEvent(450) - responseCode = 200
2018-01-04 20:49:52 INFO  ApacheHttpClient.sendEvent(450) - responseCode = 200
2018-01-04 20:50:52 INFO  ApacheHttpClient.sendEvent(450) - responseCode = 200
2018-01-04 20:50:52 INFO  ApacheHttpClient.sendEvent(450) - responseCode = 200
2018-01-04 20:51:51 INFO  ApacheHttpClient.sendEvent(450) - responseCode = 200
2018-01-04 20:51:52 INFO  ApacheHttpClient.sendEvent(450) - responseCode = 200
2018-01-04 20:52:52 INFO  ApacheHttpClient.sendEvent(450) - responseCode = 200
2018-01-04 20:52:52 INFO  ApacheHttpClient.sendEvent(450) - responseCode = 200
2018-01-04 20:53:52 INFO  ApacheHttpClient.sendEvent(450) - responseCode = 200
2018-01-04 20:53:52 INFO  ApacheHttpClient.sendEvent(450) - responseCode = 200
2018-01-04 20:54:52 INFO  ApacheHttpClient.sendEvent(450) - responseCode = 200
2018-01-04 20:54:52 INFO  ApacheHttpClient.sendEvent(450) - responseCode = 200
2018-01-04 20:55:52 INFO  ApacheHttpClient.sendEvent(450) - responseCode = 200
2018-01-04 20:55:52 INFO  ApacheHttpClient.sendEvent(450) - responseCode = 200
2018-01-04 20:56:52 INFO  ApacheHttpClient.sendEvent(450) - responseCode = 200
2018-01-04 20:56:52 INFO  ApacheHttpClient.sendEvent(450) - responseCode = 200
2018-01-04 20:57:52 INFO  ApacheHttpClient.sendEvent(450) - responseCode = 200
2018-01-04 20:57:52 INFO  ApacheHttpClient.sendEvent(450) - responseCode = 200
2018-01-04 20:58:52 INFO  ApacheHttpClient.sendEvent(450) - responseCode = 200
2018-01-04 20:58:52 INFO  ApacheHttpClient.sendEvent(450) - responseCode = 200
2018-01-04 20:59:52 INFO  ApacheHttpClient.sendEvent(450) - responseCode = 200
2018-01-04 20:59:52 INFO  ApacheHttpClient.sendEvent(450) - responseCode = 200
2018-01-04 21:00:36 INFO  JavaRushTasksProjectComponent.projectClosing(157) - ---------- Project JavaRushTasks closed ----------

2018-01-04 21:00:36 INFO  ApacheHttpClient.getTask(405) - responseCode = 200
2018-01-04 21:00:37 INFO  ApacheHttpClient.getTask(405) - responseCode = 200
2018-01-06 19:09:44 INFO  JavaRushTasksProjectComponent.projectOpened(68) - ---------- Project JavaRushTasks opened ----------

2018-01-06 19:09:44 INFO  ApacheHttpClient.createAsyncHttpClient(125) - Выбрано 1 прокси.
2018-01-06 19:09:45 INFO  ApacheHttpClient.<init>(85) - ApacheHttpClient проинстанциирован успешно.
2018-01-06 19:09:45 INFO  ApacheHttpClient.testConnection(178) - responseCode = 200
2018-01-06 19:09:45 INFO  ApacheHttpClient.testConnection(185) - result = true
2018-01-06 19:09:46 INFO  ApacheHttpClient.login(209) - Ожидание ответа сервера.
2018-01-06 19:09:46 INFO  ApacheHttpClient.login(209) - Ожидание ответа сервера.
2018-01-06 19:09:46 INFO  ApacheHttpClient.login(213) - responseCode200
2018-01-06 19:09:46 INFO  ApacheHttpClient.login(244) - JSESSIONID=C3108572F795B3177F2EE7BB346E151A
2018-01-06 19:09:46 INFO  ApacheHttpClient.refreshUserInfo(272) - responseCode = 200
2018-01-06 19:09:46 INFO  ApacheHttpClient.refreshUserInfo(278) - Информация о пользователе получена.
2018-01-06 19:09:47 INFO  ApacheHttpClient.startGA(32) - GAService запущен.
2018-01-06 19:09:47 INFO  AbstractRestApiClient.startService(70) - EventsService запущен.
2018-01-06 19:09:57 INFO  ApacheHttpClient.testConnection(178) - responseCode = 200
2018-01-06 19:09:57 INFO  ApacheHttpClient.testConnection(185) - result = true
2018-01-06 19:09:58 INFO  ApacheHttpClient.testConnection(178) - responseCode = 200
2018-01-06 19:09:58 INFO  ApacheHttpClient.testConnection(185) - result = true
2018-01-06 19:10:01 INFO  ApacheHttpClient.getWebResourceAsStream(420) - responseCode = 200
2018-01-06 19:10:10 INFO  ApacheHttpClient.testConnection(178) - responseCode = 200
2018-01-06 19:10:10 INFO  ApacheHttpClient.testConnection(185) - result = true
2018-01-06 19:10:13 INFO  ApacheHttpClient.testConnection(178) - responseCode = 200
2018-01-06 19:10:13 INFO  ApacheHttpClient.testConnection(185) - result = true
